2024-02-01T13:25:35.086Z [INFO]: formData in uploadVideoGS:
2024-02-01T13:25:55.708Z [INFO]: successfully uploaded
2024-02-01T13:25:55.708Z [INFO]: fileUri :
2024-02-01T13:26:27.251Z [INFO]: upload Video apiResponse :
2024-02-01T14:22:04.205Z [INFO]: formData in uploadVideoGS:
2024-02-01T14:25:06.764Z [ERROR]: Error waiting for video upload: Retry limit exceeded - Error: request to https://storage.googleapis.com/upload/storage/v1/b/users_uploads/o?name=video_1706797324207.mp4&uploadType=resumable&upload_id=ABPtcPoe3TzwFgfHnQRkq6gt39gf8yesTbYUB2wgkGgFk5dIiUXXj2OH75MKsTfwjxPyxEk4YPl1_1-_3h9MLlMRimI96WzcYQi37IJ6GTihhY1s failed, reason: write EPIPE
2024-02-01T14:25:06.765Z [INFO]: successfully uploaded
2024-02-01T14:25:06.765Z [INFO]: fileUri :
2024-02-01T14:25:12.256Z [ERROR]: Error uploading video: [VertexAI.GoogleGenerativeAIError]: got status: 500 Internal Server Error
2024-02-01T14:26:05.198Z [INFO]: formData in uploadVideoGS:
2024-02-01T14:26:27.484Z [INFO]: successfully uploaded
2024-02-01T14:26:27.484Z [INFO]: fileUri :
2024-02-01T14:26:50.444Z [INFO]: upload Video apiResponse :
2024-02-01T14:43:06.132Z [INFO]: formData in uploadVideoGS:
2024-02-01T14:43:37.186Z [INFO]: successfully uploaded
2024-02-01T14:43:37.186Z [INFO]: fileUri :
2024-02-01T14:44:00.568Z [INFO]: upload Video apiResponse :
2024-02-01T15:22:33.205Z [INFO]: formData in uploadVideoGS:
2024-02-01T15:22:52.434Z [INFO]: successfully uploaded
2024-02-01T15:22:52.435Z [INFO]: fileUri :
2024-02-01T15:23:18.849Z [INFO]: upload Video apiResponse :
2024-02-01T16:34:34.060Z [INFO]: formData in uploadVideoGS:
2024-02-01T16:34:46.276Z [INFO]: successfully uploaded
2024-02-01T16:34:46.277Z [INFO]: fileUri :
2024-02-01T16:35:12.414Z [INFO]: upload Video apiResponse :
2024-02-01T16:37:36.674Z [INFO]: formData in uploadVideoGS:
2024-02-01T16:37:47.940Z [INFO]: successfully uploaded
2024-02-01T16:37:47.940Z [INFO]: fileUri :
2024-02-01T16:38:10.671Z [INFO]: upload Video apiResponse :
2024-02-01T16:58:51.505Z [INFO]: formData in uploadVideoGS:
2024-02-01T16:59:14.657Z [INFO]: successfully uploaded
2024-02-01T16:59:14.657Z [INFO]: fileUri :
2024-02-01T16:59:41.044Z [INFO]: upload Video apiResponse :
2024-02-01T17:04:51.773Z [INFO]: formData in uploadVideoGS:
2024-02-01T17:05:05.553Z [INFO]: successfully uploaded
2024-02-01T17:05:05.553Z [INFO]: fileUri :
2024-02-01T17:05:54.079Z [INFO]: upload Video apiResponse :
2024-02-01T17:25:40.288Z [INFO]: formData in uploadVideoGS:
2024-02-01T17:25:52.685Z [INFO]: successfully uploaded
2024-02-01T17:25:52.685Z [INFO]: fileUri :
2024-02-01T17:25:52.687Z [ERROR]: Error uploading video: googleAuth is not defined
2024-02-01T17:31:33.744Z [INFO]: formData in uploadVideoGS:
2024-02-01T17:31:47.457Z [INFO]: successfully uploaded
2024-02-01T17:31:47.457Z [INFO]: fileUri :
2024-02-01T17:31:49.391Z [ERROR]: Error uploading video: [VertexAI.ClientError]: got status: 403 Forbidden
2024-02-01T17:35:01.925Z [INFO]: formData in uploadVideoGS:
2024-02-01T17:35:18.549Z [INFO]: successfully uploaded
2024-02-01T17:35:18.550Z [INFO]: fileUri :
2024-02-01T17:35:44.407Z [INFO]: upload Video apiResponse :
